<?xml version="1.0" encoding="UTF-8"?>
<!-- Generated by org.testng.reporters.JUnitReportReporter -->
<testsuite hostname="LAPTOP-13NVK0QI" failures="0" tests="1" name="tg.NewTest" time="2.711" errors="0" timestamp="2024-12-24T16:08:54 IST" skipped="0">
  <testcase classname="tg.NewTest" name="f" time="2.711"/>
  <system-out/>
</testsuite> <!-- tg.NewTest -->
