<?xml version="1.0" encoding="UTF-8"?>
<!-- Generated by org.testng.reporters.JUnitReportReporter -->
<testsuite hostname="LAPTOP-13NVK0QI" failures="0" tests="4" name="src.tg.NewTest3" time="0.643" errors="0" timestamp="2024-12-24T15:00:41 IST" skipped="0">
  <testcase classname="src.tg.NewTest3" name="f" time="0.011"/>
  <system-out/>
  <testcase classname="src.tg.NewTest3" name="afterTest" time="0.201"/>
  <system-out/>
  <testcase classname="src.tg.NewTest3" name="Password" time="0.134"/>
  <system-out/>
  <testcase classname="src.tg.NewTest3" name="Login" time="0.297"/>
  <system-out/>
</testsuite> <!-- src.tg.NewTest3 -->
