<?xml version="1.0" encoding="UTF-8"?>
<!-- Generated by org.testng.reporters.JUnitReportReporter -->
<testsuite hostname="LAPTOP-13NVK0QI" failures="0" tests="4" name="src.tg.NewClass" time="0.018" errors="0" timestamp="2024-12-24T13:28:35 IST" skipped="0">
  <testcase classname="src.tg.NewClass" name="Registion" time="0.013"/>
  <system-out/>
  <testcase classname="src.tg.NewClass" name="Lohin" time="0.003"/>
  <system-out/>
  <testcase classname="src.tg.NewClass" name="Home" time="0.001"/>
  <system-out/>
  <testcase classname="src.tg.NewClass" name="LogOut" time="0.001"/>
  <system-out/>
</testsuite> <!-- src.tg.NewClass -->
