<?xml version="1.0" encoding="UTF-8"?>
<!-- Generated by org.testng.reporters.JUnitReportReporter -->
<testsuite hostname="LAPTOP-13NVK0QI" failures="0" tests="1" name="src.tg.NewTest" time="0.011" errors="0" timestamp="2024-12-24T13:06:39 IST" skipped="0">
  <testcase classname="src.tg.NewTest" name="f2" time="0.011"/>
  <system-out/>
</testsuite> <!-- src.tg.NewTest -->
